<?xml version="1.0" encoding="UTF-8"?>
<!-- Generated by org.testng.reporters.JUnitReportReporter -->
<testsuite skipped="0" hostname="C02Z1C90LVCF" name="com.fisdom.testcases.TokenCreation" tests="1" failures="0" timestamp="2020-04-25T17:38:17 IST" time="4.352" errors="0">
  <testcase name="authtest" time="4.352" classname="com.fisdom.testcases.TokenCreation"/>
</testsuite> <!-- com.fisdom.testcases.TokenCreation -->
