<?xml version="1.0" encoding="UTF-8"?>
<!-- Generated by org.testng.reporters.JUnitReportReporter -->
<testsuite skipped="0" hostname="C02Z1C90LVCF" name="com.fisdom.testcases.BookingUpdate" tests="3" failures="0" timestamp="2020-04-25T17:38:17 IST" time="12.975" errors="0">
  <testcase name="partialUpdateBooking" time="5.594" classname="com.fisdom.testcases.BookingUpdate"/>
  <testcase name="bookingCreation" time="1.818" classname="com.fisdom.testcases.BookingUpdate"/>
  <testcase name="updateBooking" time="5.563" classname="com.fisdom.testcases.BookingUpdate"/>
</testsuite> <!-- com.fisdom.testcases.BookingUpdate -->
